2018-01-14 21:05:31,310 - INFO - allennlp.common.params - dataset_reader.type = sequence_tagging
2018-01-14 21:05:31,310 - INFO - allennlp.common.params - dataset_reader.token_indexers.tokens.type = single_id
2018-01-14 21:05:31,311 - INFO - allennlp.common.params - dataset_reader.token_indexers.tokens.namespace = tokens
2018-01-14 21:05:31,312 - INFO - allennlp.common.params - dataset_reader.token_indexers.tokens.lowercase_tokens = True
2018-01-14 21:05:31,318 - INFO - allennlp.common.params - dataset_reader.token_indexers.token_characters.type = characters
2018-01-14 21:05:31,319 - INFO - allennlp.common.params - dataset_reader.token_indexers.token_characters.namespace = token_characters
2018-01-14 21:05:31,320 - INFO - allennlp.common.params - dataset_reader.token_indexers.token_characters.character_tokenizer.byte_encoding = None
2018-01-14 21:05:31,320 - INFO - allennlp.common.params - dataset_reader.token_indexers.token_characters.character_tokenizer.lowercase_characters = False
2018-01-14 21:05:31,321 - INFO - allennlp.common.params - dataset_reader.token_indexers.token_characters.character_tokenizer.start_tokens = None
2018-01-14 21:05:31,322 - INFO - allennlp.common.params - dataset_reader.token_indexers.token_characters.character_tokenizer.end_tokens = ['@@PADDING@@', '@@PADDING@@', '@@PADDING@@', '@@PADDING@@']
2018-01-14 21:05:31,322 - INFO - allennlp.common.params - dataset_reader.word_tag_delimiter = /
2018-01-14 21:05:31,323 - INFO - allennlp.common.params - dataset_reader.token_delimiter = None
2018-01-14 21:05:31,324 - INFO - allennlp.common.params - train_data_path = ./../../data/subject_recognition/train.txt
2018-01-14 21:05:31,324 - INFO - allennlp.commands.train - Reading training data from ./../../data/subject_recognition/train.txt
2018-01-14 21:05:31,326 - INFO - allennlp.data.dataset_readers.sequence_tagging - Reading instances from lines in file at: ./../../data/subject_recognition/train.txt
2018-01-14 21:05:33,645 - INFO - allennlp.common.params - validation_data_path = ./../../data/subject_recognition/dev.txt
2018-01-14 21:05:33,646 - INFO - allennlp.commands.train - Reading validation data from ./../../data/subject_recognition/dev.txt
2018-01-14 21:05:33,647 - INFO - allennlp.data.dataset_readers.sequence_tagging - Reading instances from lines in file at: ./../../data/subject_recognition/dev.txt
2018-01-14 21:05:34,198 - INFO - allennlp.common.params - test_data_path = None
2018-01-14 21:05:34,198 - INFO - allennlp.commands.train - Creating a vocabulary using train, validation data.
2018-01-14 21:05:34,283 - INFO - allennlp.common.params - vocabulary.directory_path = None
2018-01-14 21:05:34,284 - INFO - allennlp.common.params - vocabulary.min_count = 1
2018-01-14 21:05:34,284 - INFO - allennlp.common.params - vocabulary.max_vocab_size = None
2018-01-14 21:05:34,285 - INFO - allennlp.common.params - vocabulary.non_padded_namespaces = ('*tags', '*labels')
2018-01-14 21:05:34,285 - INFO - allennlp.common.params - vocabulary.only_include_pretrained_words = False
2018-01-14 21:05:34,286 - INFO - allennlp.data.vocabulary - Fitting token dictionary from dataset.
2018-01-14 21:05:41,259 - INFO - allennlp.common.params - model.type = crf_tagger
2018-01-14 21:05:41,261 - INFO - allennlp.common.params - model.text_field_embedder.type = basic
2018-01-14 21:05:41,262 - INFO - allennlp.common.params - model.text_field_embedder.tokens.type = embedding
2018-01-14 21:05:41,262 - INFO - allennlp.common.params - model.text_field_embedder.tokens.num_embeddings = None
2018-01-14 21:05:41,263 - INFO - allennlp.common.params - model.text_field_embedder.tokens.vocab_namespace = tokens
2018-01-14 21:05:41,263 - INFO - allennlp.common.params - model.text_field_embedder.tokens.embedding_dim = 100
2018-01-14 21:05:41,264 - INFO - allennlp.common.params - model.text_field_embedder.tokens.pretrained_file = https://s3-us-west-2.amazonaws.com/allennlp/datasets/glove/glove.6B.100d.txt.gz
2018-01-14 21:05:41,264 - INFO - allennlp.common.params - model.text_field_embedder.tokens.projection_dim = None
2018-01-14 21:05:41,265 - INFO - allennlp.common.params - model.text_field_embedder.tokens.trainable = False
2018-01-14 21:05:41,265 - INFO - allennlp.common.params - model.text_field_embedder.tokens.padding_index = None
2018-01-14 21:05:41,265 - INFO - allennlp.common.params - model.text_field_embedder.tokens.max_norm = None
2018-01-14 21:05:41,266 - INFO - allennlp.common.params - model.text_field_embedder.tokens.norm_type = 2.0
2018-01-14 21:05:41,266 - INFO - allennlp.common.params - model.text_field_embedder.tokens.scale_grad_by_freq = False
2018-01-14 21:05:41,267 - INFO - allennlp.common.params - model.text_field_embedder.tokens.sparse = False
2018-01-14 21:05:41,269 - INFO - allennlp.modules.token_embedders.embedding - Reading embeddings from file
2018-01-14 21:05:46,541 - INFO - allennlp.modules.token_embedders.embedding - Initializing pre-trained embedding layer
2018-01-14 21:05:46,981 - INFO - allennlp.common.params - model.text_field_embedder.token_characters.type = character_encoding
2018-01-14 21:05:46,981 - INFO - allennlp.common.params - model.text_field_embedder.token_characters.embedding.num_embeddings = None
2018-01-14 21:05:46,984 - INFO - allennlp.common.params - model.text_field_embedder.token_characters.embedding.vocab_namespace = token_characters
2018-01-14 21:05:46,985 - INFO - allennlp.common.params - model.text_field_embedder.token_characters.embedding.embedding_dim = 16
2018-01-14 21:05:46,986 - INFO - allennlp.common.params - model.text_field_embedder.token_characters.embedding.pretrained_file = None
2018-01-14 21:05:46,986 - INFO - allennlp.common.params - model.text_field_embedder.token_characters.embedding.projection_dim = None
2018-01-14 21:05:46,986 - INFO - allennlp.common.params - model.text_field_embedder.token_characters.embedding.trainable = True
2018-01-14 21:05:46,987 - INFO - allennlp.common.params - model.text_field_embedder.token_characters.embedding.padding_index = None
2018-01-14 21:05:46,987 - INFO - allennlp.common.params - model.text_field_embedder.token_characters.embedding.max_norm = None
2018-01-14 21:05:46,988 - INFO - allennlp.common.params - model.text_field_embedder.token_characters.embedding.norm_type = 2.0
2018-01-14 21:05:46,988 - INFO - allennlp.common.params - model.text_field_embedder.token_characters.embedding.scale_grad_by_freq = False
2018-01-14 21:05:46,989 - INFO - allennlp.common.params - model.text_field_embedder.token_characters.embedding.sparse = False
2018-01-14 21:05:46,990 - INFO - allennlp.common.params - model.text_field_embedder.token_characters.encoder.type = cnn
2018-01-14 21:05:46,991 - INFO - allennlp.common.params - model.text_field_embedder.token_characters.encoder.embedding_dim = 16
2018-01-14 21:05:46,991 - INFO - allennlp.common.params - model.text_field_embedder.token_characters.encoder.output_dim = None
2018-01-14 21:05:46,994 - INFO - allennlp.common.params - model.text_field_embedder.token_characters.encoder.num_filters = 100
2018-01-14 21:05:46,996 - INFO - allennlp.common.params - model.text_field_embedder.token_characters.encoder.conv_layer_activation = relu
2018-01-14 21:05:46,997 - INFO - allennlp.common.params - model.text_field_embedder.token_characters.encoder.ngram_filter_sizes = [5]
2018-01-14 21:05:46,998 - INFO - allennlp.common.params - model.text_field_embedder.token_characters.dropout = 0.6
2018-01-14 21:05:47,000 - INFO - allennlp.common.params - model.encoder.type = lstm
2018-01-14 21:05:47,000 - INFO - allennlp.common.params - model.encoder.batch_first = True
2018-01-14 21:05:47,001 - INFO - allennlp.common.params - Converting Params object to dict; logging of default values will not occur when dictionary parameters are used subsequently.
2018-01-14 21:05:47,001 - INFO - allennlp.common.params - CURRENTLY DEFINED PARAMETERS: 
2018-01-14 21:05:47,002 - INFO - allennlp.common.params - model.encoder.input_size = 200
2018-01-14 21:05:47,002 - INFO - allennlp.common.params - model.encoder.hidden_size = 300
2018-01-14 21:05:47,002 - INFO - allennlp.common.params - model.encoder.num_layers = 2
2018-01-14 21:05:47,003 - INFO - allennlp.common.params - model.encoder.dropout = 0.4
2018-01-14 21:05:47,003 - INFO - allennlp.common.params - model.encoder.bidirectional = True
2018-01-14 21:05:47,004 - INFO - allennlp.common.params - model.encoder.batch_first = True
2018-01-14 21:05:47,021 - INFO - allennlp.common.params - model.label_namespace = labels
2018-01-14 21:05:47,021 - INFO - allennlp.common.params - model.initializer = []
2018-01-14 21:05:47,022 - INFO - allennlp.common.params - model.regularizer = []
2018-01-14 21:05:47,022 - INFO - allennlp.nn.initializers - Initializing parameters
2018-01-14 21:05:47,023 - INFO - allennlp.nn.initializers - Done initializing parameters; the following parameters are using their default initialization from their code
2018-01-14 21:05:47,023 - INFO - allennlp.nn.initializers -    crf.end_transitions
2018-01-14 21:05:47,024 - INFO - allennlp.nn.initializers -    crf.start_transitions
2018-01-14 21:05:47,024 - INFO - allennlp.nn.initializers -    crf.transitions
2018-01-14 21:05:47,025 - INFO - allennlp.nn.initializers -    encoder._module.bias_hh_l0
2018-01-14 21:05:47,025 - INFO - allennlp.nn.initializers -    encoder._module.bias_hh_l0_reverse
2018-01-14 21:05:47,025 - INFO - allennlp.nn.initializers -    encoder._module.bias_hh_l1
2018-01-14 21:05:47,026 - INFO - allennlp.nn.initializers -    encoder._module.bias_hh_l1_reverse
2018-01-14 21:05:47,026 - INFO - allennlp.nn.initializers -    encoder._module.bias_ih_l0
2018-01-14 21:05:47,027 - INFO - allennlp.nn.initializers -    encoder._module.bias_ih_l0_reverse
2018-01-14 21:05:47,027 - INFO - allennlp.nn.initializers -    encoder._module.bias_ih_l1
2018-01-14 21:05:47,028 - INFO - allennlp.nn.initializers -    encoder._module.bias_ih_l1_reverse
2018-01-14 21:05:47,028 - INFO - allennlp.nn.initializers -    encoder._module.weight_hh_l0
2018-01-14 21:05:47,028 - INFO - allennlp.nn.initializers -    encoder._module.weight_hh_l0_reverse
2018-01-14 21:05:47,029 - INFO - allennlp.nn.initializers -    encoder._module.weight_hh_l1
2018-01-14 21:05:47,029 - INFO - allennlp.nn.initializers -    encoder._module.weight_hh_l1_reverse
2018-01-14 21:05:47,030 - INFO - allennlp.nn.initializers -    encoder._module.weight_ih_l0
2018-01-14 21:05:47,030 - INFO - allennlp.nn.initializers -    encoder._module.weight_ih_l0_reverse
2018-01-14 21:05:47,030 - INFO - allennlp.nn.initializers -    encoder._module.weight_ih_l1
2018-01-14 21:05:47,031 - INFO - allennlp.nn.initializers -    encoder._module.weight_ih_l1_reverse
2018-01-14 21:05:47,031 - INFO - allennlp.nn.initializers -    tag_projection_layer._module.bias
2018-01-14 21:05:47,032 - INFO - allennlp.nn.initializers -    tag_projection_layer._module.weight
2018-01-14 21:05:47,032 - INFO - allennlp.nn.initializers -    text_field_embedder.token_embedder_token_characters._embedding._module.weight
2018-01-14 21:05:47,033 - INFO - allennlp.nn.initializers -    text_field_embedder.token_embedder_token_characters._encoder._module.conv_layer_0.bias
2018-01-14 21:05:47,033 - INFO - allennlp.nn.initializers -    text_field_embedder.token_embedder_token_characters._encoder._module.conv_layer_0.weight
2018-01-14 21:05:47,034 - INFO - allennlp.nn.initializers -    text_field_embedder.token_embedder_tokens.weight
2018-01-14 21:05:47,034 - INFO - allennlp.common.params - iterator.type = bucket
2018-01-14 21:05:47,034 - INFO - allennlp.common.params - iterator.sorting_keys = [['tokens', 'num_tokens']]
2018-01-14 21:05:47,035 - INFO - allennlp.common.params - iterator.padding_noise = 0.1
2018-01-14 21:05:47,035 - INFO - allennlp.common.params - iterator.biggest_batch_first = False
2018-01-14 21:05:47,036 - INFO - allennlp.common.params - iterator.batch_size = 16
2018-01-14 21:05:47,036 - INFO - allennlp.data.dataset - Indexing dataset
2018-01-14 21:05:56,759 - INFO - allennlp.data.dataset - Indexing dataset
2018-01-14 21:05:58,032 - INFO - allennlp.common.params - trainer.patience = 3
2018-01-14 21:05:58,032 - INFO - allennlp.common.params - trainer.validation_metric = -loss
2018-01-14 21:05:58,032 - INFO - allennlp.common.params - trainer.num_epochs = 10
2018-01-14 21:05:58,033 - INFO - allennlp.common.params - trainer.cuda_device = 0
2018-01-14 21:05:58,033 - INFO - allennlp.common.params - trainer.grad_norm = 1.0
2018-01-14 21:05:58,034 - INFO - allennlp.common.params - trainer.grad_clipping = None
2018-01-14 21:05:58,034 - INFO - allennlp.common.params - trainer.learning_rate_scheduler = None
2018-01-14 21:05:59,908 - INFO - allennlp.common.params - trainer.optimizer = adam
2018-01-14 21:05:59,909 - INFO - allennlp.common.params - Converting Params object to dict; logging of default values will not occur when dictionary parameters are used subsequently.
2018-01-14 21:05:59,909 - INFO - allennlp.common.params - CURRENTLY DEFINED PARAMETERS: 
2018-01-14 21:05:59,910 - INFO - allennlp.common.params - trainer.no_tqdm = False
2018-01-14 21:05:59,915 - INFO - allennlp.common.params - evaluate_on_test = False
2018-01-14 21:05:59,915 - INFO - allennlp.training.trainer - Beginning training.
2018-01-14 21:05:59,916 - INFO - allennlp.training.trainer - Epoch 0/9
2018-01-14 21:05:59,917 - INFO - allennlp.training.trainer - Training
2018-01-14 21:07:37,112 - INFO - allennlp.training.trainer - Validating
2018-01-14 21:07:45,374 - INFO - allennlp.training.trainer - Best validation performance so far. Copying weights to '/home/michael/Desktop/independant-study/logs/0000.01-14_21:05:31.subject_recognition_crf_tagger/best.th'.
2018-01-14 21:07:45,400 - INFO - allennlp.training.trainer - Training token_accuracy : 0.953953    Validation token_accuracy : 0.957535 
2018-01-14 21:07:45,401 - INFO - allennlp.training.trainer - Training accuracy : 0.854603    Validation accuracy : 0.916980 
2018-01-14 21:07:45,402 - INFO - allennlp.training.trainer - Training loss : 10.047725    Validation loss : 5.536892 
2018-01-14 21:07:45,402 - INFO - allennlp.training.trainer - Epoch duration: 00:01:45
2018-01-14 21:07:45,403 - INFO - allennlp.training.trainer - Estimated training time remaining: 00:15:49
2018-01-14 21:07:45,403 - INFO - allennlp.training.trainer - Epoch 1/9
2018-01-14 21:07:45,404 - INFO - allennlp.training.trainer - Training
2018-01-14 21:09:32,105 - INFO - allennlp.training.trainer - Validating
2018-01-14 21:09:41,025 - INFO - allennlp.training.trainer - Best validation performance so far. Copying weights to '/home/michael/Desktop/independant-study/logs/0000.01-14_21:05:31.subject_recognition_crf_tagger/best.th'.
2018-01-14 21:09:41,075 - INFO - allennlp.training.trainer - Training token_accuracy : 0.968507    Validation token_accuracy : 0.969509 
2018-01-14 21:09:41,076 - INFO - allennlp.training.trainer - Training accuracy : 0.925295    Validation accuracy : 0.935669 
2018-01-14 21:09:41,077 - INFO - allennlp.training.trainer - Training loss : 5.326570    Validation loss : 4.854870 
2018-01-14 21:09:41,077 - INFO - allennlp.training.trainer - Epoch duration: 00:01:55
2018-01-14 21:09:41,078 - INFO - allennlp.training.trainer - Estimated training time remaining: 00:14:44
2018-01-14 21:09:41,078 - INFO - allennlp.training.trainer - Epoch 2/9
2018-01-14 21:09:41,080 - INFO - allennlp.training.trainer - Training
2018-01-14 21:11:28,089 - INFO - allennlp.training.trainer - Validating
2018-01-14 21:11:37,004 - INFO - allennlp.training.trainer - Training token_accuracy : 0.972596    Validation token_accuracy : 0.975421 
2018-01-14 21:11:37,007 - INFO - allennlp.training.trainer - Training accuracy : 0.943532    Validation accuracy : 0.941304 
2018-01-14 21:11:37,008 - INFO - allennlp.training.trainer - Training loss : 4.279062    Validation loss : 5.230536 
2018-01-14 21:11:37,008 - INFO - allennlp.training.trainer - Epoch duration: 00:01:55
2018-01-14 21:11:37,009 - INFO - allennlp.training.trainer - Estimated training time remaining: 00:13:06
2018-01-14 21:11:37,010 - INFO - allennlp.training.trainer - Epoch 3/9
2018-01-14 21:11:37,011 - INFO - allennlp.training.trainer - Training
2018-01-14 21:13:17,189 - INFO - allennlp.training.trainer - Validating
2018-01-14 21:13:26,031 - INFO - allennlp.training.trainer - Training token_accuracy : 0.976973    Validation token_accuracy : 0.975639 
2018-01-14 21:13:26,032 - INFO - allennlp.training.trainer - Training accuracy : 0.954589    Validation accuracy : 0.943839 
2018-01-14 21:13:26,033 - INFO - allennlp.training.trainer - Training loss : 3.529772    Validation loss : 5.157237 
2018-01-14 21:13:26,033 - INFO - allennlp.training.trainer - Epoch duration: 00:01:49
2018-01-14 21:13:26,034 - INFO - allennlp.training.trainer - Estimated training time remaining: 00:11:09
2018-01-14 21:13:26,034 - INFO - allennlp.training.trainer - Epoch 4/9
2018-01-14 21:13:26,036 - INFO - allennlp.training.trainer - Training
2018-01-14 21:15:07,560 - INFO - allennlp.training.trainer - Validating
2018-01-14 21:15:16,035 - INFO - allennlp.training.trainer - Ran out of patience.  Stopping training.
2018-01-14 21:15:16,036 - INFO - allennlp.models.archival - archiving weights and vocabulary to /home/michael/Desktop/independant-study/logs/0000.01-14_21:05:31.subject_recognition_crf_tagger/model.tar.gz
