2017-12-21 10:13:12,920 - MainProcess - lib.configurable - INFO - train_relation_classifier.train was configured with:
{   'checkpoint_path': None,
    'dev_max_batch_size': 128,
    'epochs': 30,
    'get_dataset': <function <lambda> at 0x7fa325d19510>,
    'get_pretrained_embedding': <function <lambda> at 0x7fa325d19d08>,
    'log_directory': 'logs/0000.12-21_10:13:12.relation_classifier',
    'random_seed': 3435,
    'train_max_batch_size': 32}
2017-12-21 10:13:12,947 - MainProcess - lib.utils - INFO - Device: 0
2017-12-21 10:13:12,948 - MainProcess - lib.utils - INFO - Seed: 3435
2017-12-21 10:13:12,948 - MainProcess - lib.configurable - INFO - Global configuration:
2017-12-21 10:13:12,949 - MainProcess - root - INFO - {   'lib': {   'nn': {   'relation_classifier': {   'RelationClassifier': {   '__init__': {   'bidirectional': True,
                                                                                              'decode_dropout': 0.3,
                                                                                              'embedding_size': 300,
                                                                                              'freeze_embeddings': True,
                                                                                              'rnn_cell': 'gru',
                                                                                              'rnn_layers': 2,
                                                                                              'rnn_size': 300,
                                                                                              'rnn_variational_dropout': 0.3}}}},
               'optim': {'Optimizer': {'__init__': {'max_grad_norm': None}}}},
    'scripts': {   'python': {   'train_relation_classifier': {   'train': {   'dev_max_batch_size': 128,
                                                                               'epochs': 30,
                                                                               'get_dataset': <function <lambda> at 0x7fa325d19510>,
                                                                               'get_pretrained_embedding': <function <lambda> at 0x7fa325d19d08>,
                                                                               'random_seed': 3435,
                                                                               'train_max_batch_size': 32}}}},
    'torch': {   'optim': {   'adam': {   'Adam': {   '__init__': {   'lr': 0.0001,
                                                                      'weight_decay': 0}}}}}}
2017-12-21 10:13:17,598 - MainProcess - __main__ - INFO - Num Training Data: 75910
2017-12-21 10:13:17,598 - MainProcess - __main__ - INFO - Num Development Data: 10845
2017-12-21 10:13:22,561 - MainProcess - __main__ - INFO - Text encoder vocab size: 53052
2017-12-21 10:13:22,623 - MainProcess - __main__ - INFO - Relation encoder vocab size: 1703
2017-12-21 10:13:27,836 - MainProcess - lib.configurable - INFO - relation_classifier.RelationClassifier.__init__ was configured with:
{   'bidirectional': True,
    'decode_dropout': 0.3,
    'embedding_size': 300,
    'freeze_embeddings': True,
    'input_vocab_size': 53052,
    'output_vocab_size': 1703,
    'rnn_cell': 'gru',
    'rnn_layers': 2,
    'rnn_size': 300,
    'rnn_variational_dropout': 0.3}
2017-12-21 10:13:28,755 - MainProcess - lib.pretrained_embeddings - INFO - Loading vectors from .pretrained_embeddings_cache/glove.6B.300d.txt.pt
2017-12-21 10:13:30,758 - MainProcess - __main__ - INFO - Model:
RelationClassifier (
  (embedding): Embedding(53052, 300, padding_idx=0)
  (embedding_dropout): Dropout (p = 0.0)
  (rnn): GRU(300, 300, num_layers=2, dropout=0.3, bidirectional=True)
  (decode_dropout): Dropout (p = 0.3)
  (relu): ReLU ()
  (out): Sequential (
    (0): Linear (600 -> 600)
    (1): BatchNorm1d(600, eps=1e-05, momentum=0.1, affine=True)
    (2): ReLU ()
    (3): Dropout (p = 0.3)
    (4): Linear (600 -> 1703)
  )
)
2017-12-21 10:13:30,759 - MainProcess - __main__ - INFO - Total Parameters: 4092503
2017-12-21 10:13:30,759 - MainProcess - lib.configurable - INFO - adam.Adam.__init__ was configured with:
{'lr': 0.0001, 'params': <filter object at 0x7fa36a8b2438>, 'weight_decay': 0}
2017-12-21 10:13:30,759 - MainProcess - lib.configurable - INFO - adam.Adam.__init__ was configured with:
{'lr': 0.0001, 'params': <filter object at 0x7fa36a8b2438>, 'weight_decay': 0}
2017-12-21 10:13:30,759 - MainProcess - lib.configurable - INFO - optim.Optimizer.__init__ was configured with:
{   'max_grad_norm': None,
    'optim': <torch.optim.adam.Adam object at 0x7fa32846c908>}
2017-12-21 10:13:30,759 - MainProcess - __main__ - INFO - Epoch 0
2017-12-21 10:13:43,644 - MainProcess - lib.checkpoint - INFO - Saving checkpoint 12m_21d_10h_13m_43s.pt
2017-12-21 10:13:44,616 - MainProcess - lib.metrics.random_sample - INFO - Random Sample:

Positive Samples:
                                              Source                                  Target                              Prediction
0               what is the label that signed luna ?     www.freebase.com/music/artist/label     www.freebase.com/music/artist/label
1                      who is steve whan 's parent ?  www.freebase.com/people/person/parents  www.freebase.com/people/person/parents
2  what language is once upon a time in bolivia in ?     www.freebase.com/film/film/language     www.freebase.com/film/film/language
3                       what type of film is motives        www.freebase.com/film/film/genre        www.freebase.com/film/film/genre
4          which country created the film zimmer 606      www.freebase.com/film/film/country      www.freebase.com/film/film/country

Negative Samples:
                                                                      Source                                               Target                                         Prediction
0   which company published the game freedom force vs. the third reich <pad>          www.freebase.com/cvg/game_version/publisher  www.freebase.com/cvg/computer_videogame/publisher
1                         wher eis the brazil national ice hockey team based         www.freebase.com/sports/sports_team/location  www.freebase.com/soccer/football_position/players
2                                which religion is moses the black a part of      www.freebase.com/base/saints/saint/venerated_in            www.freebase.com/people/person/religion
3             what language is in the language family polynesian languages ?  www.freebase.com/language/language_family/languages                www.freebase.com/film/film/language
4  what is the northernmost states of germany located in seedorf , lauenburg       www.freebase.com/location/location/containedby        www.freebase.com/location/location/contains

2017-12-21 10:13:44,619 - MainProcess - __main__ - INFO - Loss: 2.123
2017-12-21 10:13:44,687 - MainProcess - lib.metrics.accuracy - INFO - Accuracy: 0.6150299677270632 [6670 of 10845]
2017-12-21 10:13:44,687 - MainProcess - __main__ - INFO - Epoch 1
2017-12-21 10:13:57,610 - MainProcess - lib.checkpoint - INFO - Saving checkpoint 12m_21d_10h_13m_57s.pt
2017-12-21 10:13:58,520 - MainProcess - lib.metrics.random_sample - INFO - Random Sample:

Positive Samples:
                                                                    Source                                                       Target                                                   Prediction
0                      what is josé maría gutiérrez santos 's profession ?                    www.freebase.com/people/person/profession                    www.freebase.com/people/person/profession
1                                          where did rené-jean jacquet die       www.freebase.com/people/deceased_person/place_of_death       www.freebase.com/people/deceased_person/place_of_death
2                                 what area contains the location sardhana               www.freebase.com/location/location/containedby               www.freebase.com/location/location/containedby
3  what are locations that have the north american central time zone <pad>  www.freebase.com/time/time_zone/locations_in_this_time_zone  www.freebase.com/time/time_zone/locations_in_this_time_zone
4                                        who in the world produced busting                       www.freebase.com/film/film/produced_by                       www.freebase.com/film/film/produced_by

Negative Samples:
                                                  Source                                                      Target                                          Prediction
0         what is logic skateboard media : vol. 11 about  www.freebase.com/media_common/netflix_title/netflix_genres   www.freebase.com/cvg/computer_videogame/cvg_genre
1             how is captain blood : his odyssey bound ?                  www.freebase.com/book/book_edition/binding                    www.freebase.com/film/film/genre
2                what position does kevin nastiuk play ?   www.freebase.com/ice_hockey/hockey_player/hockey_position  www.freebase.com/soccer/football_player/position_s
3  what island is within the greater sunda islands <pad>    www.freebase.com/geography/island_group/islands_in_group      www.freebase.com/location/location/containedby
4     what field is martin franz julius luther active in    www.freebase.com/base/activism/activist/area_of_activism         www.freebase.com/common/topic/notable_types

2017-12-21 10:13:58,523 - MainProcess - __main__ - INFO - Loss: 1.450
2017-12-21 10:13:58,598 - MainProcess - lib.metrics.accuracy - INFO - Accuracy: 0.7134163208852006 [7737 of 10845]
2017-12-21 10:13:58,599 - MainProcess - __main__ - INFO - Epoch 2
2017-12-21 10:14:11,415 - MainProcess - lib.checkpoint - INFO - Saving checkpoint 12m_21d_10h_14m_11s.pt
2017-12-21 10:14:12,315 - MainProcess - lib.metrics.random_sample - INFO - Random Sample:

Positive Samples:
                                                       Source                                           Target                                       Prediction
0                    which film was produced by david klawans              www.freebase.com/film/producer/film              www.freebase.com/film/producer/film
1       what is laura shapiro kramer 's literary profession ?        www.freebase.com/people/person/profession        www.freebase.com/people/person/profession
2                what is nicholas zakharenko 's nationality ?       www.freebase.com/people/person/nationality       www.freebase.com/people/person/nationality
3  what type of album is a jolly christmas from frank sinatra  www.freebase.com/music/album/album_content_type  www.freebase.com/music/album/album_content_type
4                                  what is peter falk 's race         www.freebase.com/people/person/ethnicity         www.freebase.com/people/person/ethnicity

Negative Samples:
                                                     Source                                                            Target                                 Prediction
0                    name the artist who recorded beat it .                 www.freebase.com/music/recording/featured_artists    www.freebase.com/music/recording/artist
1                  who directed the death camp of tolerance                    www.freebase.com/tv/tv_series_episode/director     www.freebase.com/film/film/directed_by
2              how is poison in the mix , volume 2 formated                             www.freebase.com/music/release/format  www.freebase.com/music/album/release_type
3      a secure digital card is compatible with what camera  www.freebase.com/digicams/camera_storage_type/compatible_cameras      www.freebase.com/music/release/format
4  what types of movie is played by the cinematic orchestra                               www.freebase.com/music/artist/genre           www.freebase.com/film/film/genre

2017-12-21 10:14:12,318 - MainProcess - __main__ - INFO - Loss: 1.218
2017-12-21 10:14:12,386 - MainProcess - lib.metrics.accuracy - INFO - Accuracy: 0.7548178884278469 [8186 of 10845]
2017-12-21 10:14:12,386 - MainProcess - __main__ - INFO - Epoch 3
2017-12-21 10:14:25,215 - MainProcess - lib.checkpoint - INFO - Saving checkpoint 12m_21d_10h_14m_25s.pt
2017-12-21 10:14:26,178 - MainProcess - lib.metrics.random_sample - INFO - Random Sample:

Positive Samples:
                                                   Source                                                   Target                                               Prediction
0          what is the start system of 15500 anantpatel ?  www.freebase.com/astronomy/star_system_body/star_system  www.freebase.com/astronomy/star_system_body/star_system
1                      who was the publisher of the stand             www.freebase.com/book/book_edition/publisher             www.freebase.com/book/book_edition/publisher
2                                  where is dovima from ?               www.freebase.com/people/person/nationality               www.freebase.com/people/person/nationality
3  which track did neil thrasher provide the lyrics for ?           www.freebase.com/music/lyricist/lyrics_written           www.freebase.com/music/lyricist/lyrics_written
4                    what is an episode of the simpsons ?                  www.freebase.com/tv/tv_program/episodes                  www.freebase.com/tv/tv_program/episodes

Negative Samples:
                                                              Source                                                                   Target                                      Prediction
0                   what form was tear your love apart released in ?                                  www.freebase.com/music/composition/form           www.freebase.com/music/release/format
1         what is the name of a state that hoosic river runs through                 www.freebase.com/location/location/partially_containedby     www.freebase.com/location/location/contains
2  what is one of the 19 voivodeships located in mid-northern poland                           www.freebase.com/location/location/containedby     www.freebase.com/location/location/contains
3                        what is the main language of police surgeon                                 www.freebase.com/tv/tv_program/languages             www.freebase.com/film/film/language
4            what is the name of a race horse winner in 2007 ? <pad>  www.freebase.com/biology/organism_classification/organisms_of_this_type  www.freebase.com/olympics/olympic_games/events

2017-12-21 10:14:26,181 - MainProcess - __main__ - INFO - Loss: 1.098
2017-12-21 10:14:26,249 - MainProcess - lib.metrics.accuracy - INFO - Accuracy: 0.7769479022591056 [8426 of 10845]
2017-12-21 10:14:26,249 - MainProcess - __main__ - INFO - Epoch 4
2017-12-21 10:14:39,170 - MainProcess - lib.checkpoint - INFO - Saving checkpoint 12m_21d_10h_14m_39s.pt
2017-12-21 10:14:40,072 - MainProcess - lib.metrics.random_sample - INFO - Random Sample:

Positive Samples:
                                                Source                                              Target                                          Prediction
0                 what county is smithfield located in      www.freebase.com/location/location/containedby      www.freebase.com/location/location/containedby
1               what is the nearest airport to houston  www.freebase.com/location/location/nearby_airports  www.freebase.com/location/location/nearby_airports
2  what artist made wae 's me for prince charlie <pad>                 www.freebase.com/music/album/artist                 www.freebase.com/music/album/artist
3            what bigger area is krzyż wielkopolski in      www.freebase.com/location/location/containedby      www.freebase.com/location/location/containedby
4    who was in charge of music for the midnight man ?                    www.freebase.com/film/film/music                    www.freebase.com/film/film/music

Negative Samples:
                                                       Source                                                      Target                                          Prediction
0                                 what city is lake simcoe in                      www.freebase.com/geography/lake/cities      www.freebase.com/location/location/containedby
1  what is a game issued by the brøderbund software developer  www.freebase.com/cvg/cvg_publisher/game_versions_published  www.freebase.com/cvg/cvg_developer/games_developed
2            what is the form of the artwork the rock of doom                www.freebase.com/visual_art/artwork/art_form             www.freebase.com/music/composition/form
3                          what country is klaus schulze from                        www.freebase.com/music/artist/origin          www.freebase.com/people/person/nationality
4                          what county does midland belong to           www.freebase.com/location/hud_county_place/county      www.freebase.com/location/location/containedby

2017-12-21 10:14:40,075 - MainProcess - __main__ - INFO - Loss: 1.021
2017-12-21 10:14:40,143 - MainProcess - lib.metrics.accuracy - INFO - Accuracy: 0.7844167819271554 [8507 of 10845]
2017-12-21 10:14:40,144 - MainProcess - __main__ - INFO - Epoch 5
2017-12-21 10:14:52,961 - MainProcess - lib.checkpoint - INFO - Saving checkpoint 12m_21d_10h_14m_52s.pt
2017-12-21 10:14:53,926 - MainProcess - lib.metrics.random_sample - INFO - Random Sample:

Positive Samples:
                                                           Source                                                 Target                                             Prediction
0           name a person with the ethnicity of german american .               www.freebase.com/people/ethnicity/people               www.freebase.com/people/ethnicity/people
1                       what is a song from dancing with the moon              www.freebase.com/music/release/track_list              www.freebase.com/music/release/track_list
2  what manufacturer made the kodak z712 is zoom digital camera ?  www.freebase.com/digicams/digital_camera/manufacturer  www.freebase.com/digicams/digital_camera/manufacturer
3                      where did action in tarafal bay take place                  www.freebase.com/time/event/locations                  www.freebase.com/time/event/locations
4                    what is the title of a mexico netflix film ?     www.freebase.com/media_common/netflix_genre/titles     www.freebase.com/media_common/netflix_genre/titles

Negative Samples:
                                                                  Source                                                Target                                          Prediction
0                              what is the release track on o holy night        www.freebase.com/music/release_track/recording                www.freebase.com/music/release/track
1  what airline has its main base at o. r. tambo international airport ?             www.freebase.com/aviation/airport/hub_for  www.freebase.com/location/location/nearby_airports
2                        what music label best describes kara best clips                    www.freebase.com/music/album/genre                 www.freebase.com/music/artist/genre
3                                               who produced the knife ?  www.freebase.com/theater/theater_production/producer              www.freebase.com/film/film/produced_by
4                  what album is the title track little red rooster from        www.freebase.com/music/release_track/recording        www.freebase.com/music/release_track/release

2017-12-21 10:14:53,929 - MainProcess - __main__ - INFO - Loss: 0.986
2017-12-21 10:14:54,000 - MainProcess - lib.metrics.accuracy - INFO - Accuracy: 0.7941908713692946 [8613 of 10845]
2017-12-21 10:14:54,001 - MainProcess - __main__ - INFO - Epoch 6
2017-12-21 10:15:06,733 - MainProcess - lib.checkpoint - INFO - Saving checkpoint 12m_21d_10h_15m_06s.pt
2017-12-21 10:15:07,626 - MainProcess - lib.metrics.random_sample - INFO - Random Sample:

Positive Samples:
                                                      Source                                       Target                                   Prediction
0  what language was used in the film titled drag me to hell          www.freebase.com/film/film/language          www.freebase.com/film/film/language
1  which soul artist is featured on the .977 the 80s channel    www.freebase.com/broadcast/content/artist    www.freebase.com/broadcast/content/artist
2                 who is an artist on the we die young album          www.freebase.com/music/album/artist          www.freebase.com/music/album/artist
3            what type of movie is calamity anne 's vanity ?             www.freebase.com/film/film/genre             www.freebase.com/film/film/genre
4                             what is david novack known for  www.freebase.com/common/topic/notable_types  www.freebase.com/common/topic/notable_types

Negative Samples:
                                                                   Source                                                                 Target                                                     Prediction
0                                   who recorded the close of a chapter ?                                    www.freebase.com/music/album/artist                        www.freebase.com/music/recording/artist
1                                           what are the tracks on lourds                                   www.freebase.com/music/release/track                        www.freebase.com/music/recording/tracks
2  what is an active ingredient in ciclesonide 80 metered aerosol ? <pad>  www.freebase.com/medicine/drug_formulation/active_ingredient_moieties  www.freebase.com/medicine/drug_formulation/active_ingredients
3               which form of dance is practiced at world dance fitness ?             www.freebase.com/base/services/dance_studio/forms_of_dance                        www.freebase.com/music/composition/form
4    beached ( long version ) was produced and recorded by which artist ?                              www.freebase.com/music/recording/producer                        www.freebase.com/music/recording/artist

2017-12-21 10:15:07,630 - MainProcess - __main__ - INFO - Loss: 0.963
2017-12-21 10:15:07,697 - MainProcess - lib.metrics.accuracy - INFO - Accuracy: 0.8032272936837253 [8711 of 10845]
2017-12-21 10:15:07,697 - MainProcess - __main__ - INFO - Epoch 7
2017-12-21 10:15:20,480 - MainProcess - lib.checkpoint - INFO - Saving checkpoint 12m_21d_10h_15m_20s.pt
2017-12-21 10:15:21,440 - MainProcess - lib.metrics.random_sample - INFO - Random Sample:

Positive Samples:
                                                                        Source                                            Target                                        Prediction
0                                                        name an album . <pad>  www.freebase.com/music/album_release_type/albums  www.freebase.com/music/album_release_type/albums
1          what art genre does portrait of helana van der schalcke fall into ?     www.freebase.com/visual_art/artwork/art_genre     www.freebase.com/visual_art/artwork/art_genre
2  what language is spoken in the movie the night evelyn came out of the grave               www.freebase.com/film/film/language               www.freebase.com/film/film/language
3                                      where was alastair gamble 's birthplace     www.freebase.com/people/person/place_of_birth     www.freebase.com/people/person/place_of_birth
4                              what genre of music does hoodie allen play in ?               www.freebase.com/music/artist/genre               www.freebase.com/music/artist/genre

Negative Samples:
                                                          Source                                                                           Target                                              Prediction
0                         in what country was what play did born                                 www.freebase.com/biology/organism/place_of_birth           www.freebase.com/people/person/place_of_birth
1  who was awarded immunity in the survivor episode exile island  www.freebase.com/base/survivor/survivor_episode/survivors_awarded_with_immunity  www.freebase.com/tv/tv_series_episode/previous_episode
2                           what songs has norman granz produced                                www.freebase.com/music/producer/releases_produced         www.freebase.com/music/producer/tracks_produced
3                          which track contains it 's good , eve                                        www.freebase.com/music/release/track_list                    www.freebase.com/music/release/track
4                    which cooking show has an episode in london                                     www.freebase.com/tv/tv_series_episode/season            www.freebase.com/tv/tv_series_episode/series

2017-12-21 10:15:21,443 - MainProcess - __main__ - INFO - Loss: 0.958
2017-12-21 10:15:21,511 - MainProcess - lib.metrics.accuracy - INFO - Accuracy: 0.8047948363301061 [8728 of 10845]
2017-12-21 10:15:21,511 - MainProcess - __main__ - INFO - Epoch 8
2017-12-21 10:15:34,355 - MainProcess - lib.checkpoint - INFO - Saving checkpoint 12m_21d_10h_15m_34s.pt
2017-12-21 10:15:35,258 - MainProcess - lib.metrics.random_sample - INFO - Random Sample:

Positive Samples:
                                             Source                                                          Target                                                      Prediction
0  what is the artform of portrait of rachel ruysch                    www.freebase.com/visual_art/artwork/art_form                    www.freebase.com/visual_art/artwork/art_form
1                                   name an actor .  www.freebase.com/people/profession/people_with_this_profession  www.freebase.com/people/profession/people_with_this_profession
2                    where was mouhamed diop born ?                   www.freebase.com/people/person/place_of_birth                   www.freebase.com/people/person/place_of_birth
3                  where is laibach ( band ) from ?                            www.freebase.com/music/artist/origin                            www.freebase.com/music/artist/origin
4       what is the genre of the artist craig david                             www.freebase.com/music/artist/genre                             www.freebase.com/music/artist/genre

Negative Samples:
                                                                   Source                                                                 Target                                                                 Prediction
0  what is an active ingredient in ciclesonide 80 metered aerosol ? <pad>  www.freebase.com/medicine/drug_formulation/active_ingredient_moieties              www.freebase.com/medicine/drug_formulation/active_ingredients
1                                          what language is dreaming in ?                            www.freebase.com/music/composition/language                                        www.freebase.com/film/film/language
2                                           what is one type of hepatitis                    www.freebase.com/medicine/disease/includes_diseases                               www.freebase.com/medicine/symptom/symptom_of
3                            what style of art is henri matisse known for                    www.freebase.com/visual_art/visual_artist/art_forms  www.freebase.com/visual_art/visual_artist/associated_periods_or_movements
4                              what airline flies out of hannover airport                       www.freebase.com/aviation/airport/focus_city_for                                  www.freebase.com/aviation/airport/hub_for

2017-12-21 10:15:35,261 - MainProcess - __main__ - INFO - Loss: 0.942
2017-12-21 10:15:35,336 - MainProcess - lib.metrics.accuracy - INFO - Accuracy: 0.8101429230059936 [8786 of 10845]
2017-12-21 10:15:35,336 - MainProcess - __main__ - INFO - Epoch 9
2017-12-21 10:15:48,259 - MainProcess - lib.checkpoint - INFO - Saving checkpoint 12m_21d_10h_15m_48s.pt
2017-12-21 10:15:49,175 - MainProcess - lib.metrics.random_sample - INFO - Random Sample:

Positive Samples:
                                                                     Source                                                                 Target                                                             Prediction
0                            which drug formulation is used as an antacid ?  www.freebase.com/medicine/drug_formulation_category/drug_formulations  www.freebase.com/medicine/drug_formulation_category/drug_formulations
1  what is the name of a college that is located in the republic of ireland                            www.freebase.com/location/location/contains                            www.freebase.com/location/location/contains
2                                 who produced the release bricks are heavy                               www.freebase.com/music/release/producers                               www.freebase.com/music/release/producers
3                                                 where was ed zmich born ?                          www.freebase.com/people/person/place_of_birth                          www.freebase.com/people/person/place_of_birth
4            what type of license does the mechanism of the reflex arc hold                        www.freebase.com/common/licensed_object/license                        www.freebase.com/common/licensed_object/license

Negative Samples:
                                                    Source                                                      Target                                          Prediction
0       what harry potter game did electronic arts release  www.freebase.com/cvg/cvg_publisher/game_versions_published  www.freebase.com/cvg/cvg_publisher/games_published
1                which language is spoken in kracker jackd                         www.freebase.com/film/film/language            www.freebase.com/tv/tv_program/languages
2              is happy reunion an album or studio album ?                   www.freebase.com/music/album/release_type     www.freebase.com/music/album/album_content_type
3  this mountain is the most easterly of the munro peaks .       www.freebase.com/geography/mountain_listing/mountains  www.freebase.com/geography/mountain/mountain_range
4    which name was the song atlantic ocean released under                     www.freebase.com/music/recording/tracks           www.freebase.com/music/recording/releases

2017-12-21 10:15:49,179 - MainProcess - __main__ - INFO - Loss: 0.946
2017-12-21 10:15:49,250 - MainProcess - lib.metrics.accuracy - INFO - Accuracy: 0.8111572153065929 [8797 of 10845]
2017-12-21 10:15:49,250 - MainProcess - __main__ - INFO - Epoch 10
2017-12-21 10:16:02,098 - MainProcess - lib.checkpoint - INFO - Saving checkpoint 12m_21d_10h_16m_02s.pt
2017-12-21 10:16:03,070 - MainProcess - lib.metrics.random_sample - INFO - Random Sample:

Positive Samples:
                                                                       Source                                                                 Target                                                             Prediction
0  what is an active ingredient in hepataplex 3/3/6/12/3/3/12/6/3/12/3 liquid  www.freebase.com/medicine/drug_formulation/active_ingredient_moieties  www.freebase.com/medicine/drug_formulation/active_ingredient_moieties
1                                  what film did john debney create music for                           www.freebase.com/film/music_contributor/film                           www.freebase.com/film/music_contributor/film
2                           what city in california did edward cronenweth die                 www.freebase.com/people/deceased_person/place_of_death                 www.freebase.com/people/deceased_person/place_of_death
3                             what software has microsoft corporation created                  www.freebase.com/computer/software_developer/software                  www.freebase.com/computer/software_developer/software
4                        name a track in the album leftover blues 1991-2003 ?                                   www.freebase.com/music/release/track                                   www.freebase.com/music/release/track

Negative Samples:
                                                                 Source                                                                       Target                                                       Prediction
0                           what is the album type of born to be wild ?                              www.freebase.com/music/album/album_content_type                        www.freebase.com/music/album/release_type
1             what 's the name of an album by boris the sprinkler <pad>                             www.freebase.com/music/album_release_type/albums                              www.freebase.com/music/artist/album
2  which dramatic film by joshiy also had suresh gopi in a leading role                                          www.freebase.com/film/director/film  www.freebase.com/film/film_story_contributor/film_story_credits
3                                        what game is from midway games  www.freebase.com/base/pinball/pinball_machine_manufacturer/pinball_machines         www.freebase.com/cvg/cvg_platform/games_on_this_platform
4                            which tv series does johnny cash belong to                                 www.freebase.com/tv/tv_series_episode/season                     www.freebase.com/tv/tv_series_episode/series

2017-12-21 10:16:03,074 - MainProcess - __main__ - INFO - Loss: 0.939
2017-12-21 10:16:03,142 - MainProcess - lib.metrics.accuracy - INFO - Accuracy: 0.8153065928999539 [8842 of 10845]
2017-12-21 10:16:03,142 - MainProcess - __main__ - INFO - Epoch 11
2017-12-21 10:16:16,333 - MainProcess - lib.checkpoint - INFO - Saving checkpoint 12m_21d_10h_16m_16s.pt
2017-12-21 10:16:17,238 - MainProcess - lib.metrics.random_sample - INFO - Random Sample:

Positive Samples:
                                         Source                                                            Target                                                        Prediction
0             who is harold arthur bates 's son                           www.freebase.com/people/person/children                           www.freebase.com/people/person/children
1  which larger range is the dorset mountain in                www.freebase.com/geography/mountain/mountain_range                www.freebase.com/geography/mountain/mountain_range
2                   where did václav treitz die            www.freebase.com/people/deceased_person/place_of_death            www.freebase.com/people/deceased_person/place_of_death
3      what is an asteroid in the asteroid belt  www.freebase.com/astronomy/asteroid_group/asteroid_group_members  www.freebase.com/astronomy/asteroid_group/asteroid_group_members
4    what constellation is hd 72108 a part of ?                     www.freebase.com/astronomy/star/constellation                     www.freebase.com/astronomy/star/constellation

Negative Samples:
                                                         Source                                                        Target                                                        Prediction
0                          which country produces city of water                            www.freebase.com/film/film/country                    www.freebase.com/location/location/containedby
1  which language is primarily used in the woman who died a lot          www.freebase.com/book/written_work/original_language                               www.freebase.com/film/film/language
2                                 who wrote gulliver 's travels                           www.freebase.com/film/film/story_by                         www.freebase.com/book/written_work/author
3                   what is prince caspian 's rank in fiction ?  www.freebase.com/fictional_universe/fictional_character/rank  www.freebase.com/media_common/literary_genre/books_in_this_genre
4                     what is an album by john eliot gardiner ?                           www.freebase.com/music/artist/album                  www.freebase.com/music/album_release_type/albums

2017-12-21 10:16:17,243 - MainProcess - __main__ - INFO - Loss: 0.968
2017-12-21 10:16:17,311 - MainProcess - lib.metrics.accuracy - INFO - Accuracy: 0.8097740894421392 [8782 of 10845]
2017-12-21 10:16:17,312 - MainProcess - __main__ - INFO - Epoch 12
2017-12-21 10:16:30,164 - MainProcess - lib.checkpoint - INFO - Saving checkpoint 12m_21d_10h_16m_30s.pt
2017-12-21 10:16:31,121 - MainProcess - lib.metrics.random_sample - INFO - Random Sample:

Positive Samples:
                                 Source                                      Target                                  Prediction
0    what kind of genre is hobgoblins 2            www.freebase.com/film/film/genre            www.freebase.com/film/film/genre
1  which country is joshua clayton from  www.freebase.com/people/person/nationality  www.freebase.com/people/person/nationality
2       what genre of film is cash crop            www.freebase.com/film/film/genre            www.freebase.com/film/film/genre
3   what musician recorded wonder woman     www.freebase.com/music/recording/artist     www.freebase.com/music/recording/artist
4           where is another joe from ?        www.freebase.com/music/artist/origin        www.freebase.com/music/artist/origin

Negative Samples:
                                                Source                                                  Target                                       Prediction
0  in which state is irish hill , louisville located ?  www.freebase.com/location/neighborhood/neighborhood_of   www.freebase.com/location/location/containedby
1               what is a song produced by john shanks       www.freebase.com/music/producer/releases_produced  www.freebase.com/music/producer/tracks_produced
2                which genre of story is first contact                 www.freebase.com/book/short_story/genre                 www.freebase.com/book/book/genre
3                   where is joan bennett kennedy from           www.freebase.com/people/person/place_of_birth       www.freebase.com/people/person/nationality
4         who is the producer of a raisin in the sun ?    www.freebase.com/theater/theater_production/producer           www.freebase.com/film/film/produced_by

2017-12-21 10:16:31,125 - MainProcess - __main__ - INFO - Loss: 0.956
2017-12-21 10:16:31,194 - MainProcess - lib.metrics.accuracy - INFO - Accuracy: 0.8149377593360996 [8838 of 10845]
2017-12-21 10:16:31,195 - MainProcess - __main__ - INFO - Epoch 13
2017-12-21 10:16:43,976 - MainProcess - lib.checkpoint - INFO - Saving checkpoint 12m_21d_10h_16m_43s.pt
2017-12-21 10:16:44,888 - MainProcess - lib.metrics.random_sample - INFO - Random Sample:

Positive Samples:
                                           Source                                                                           Target                                                                       Prediction
0  what is the administrative area type of pieria  www.freebase.com/base/aareas/schema/administrative_area/administrative_area_...  www.freebase.com/base/aareas/schema/administrative_area/administrative_area_...
1                     what song is by u.n.p.o.c .                                              www.freebase.com/music/artist/track                                              www.freebase.com/music/artist/track
2         what is soumodip sarkars place of birth                                    www.freebase.com/people/person/place_of_birth                                    www.freebase.com/people/person/place_of_birth
3   what country is the karađorđević dynasty from                                           www.freebase.com/people/family/country                                           www.freebase.com/people/family/country
4  what type of music is off the apocalypse album                                               www.freebase.com/music/album/genre                                               www.freebase.com/music/album/genre

Negative Samples:
                                                             Source                                                Target                                          Prediction
0                            what type of body of work is basie jam             www.freebase.com/music/album/release_type        www.freebase.com/visual_art/artwork/art_form
1                       which albums were released by deep purple ?      www.freebase.com/music/album_release_type/albums                 www.freebase.com/music/artist/album
2                                  which position was ismael valdez  www.freebase.com/baseball/baseball_player/position_s  www.freebase.com/soccer/football_player/position_s
3  what game did dungeons & dragons ( 4th edition ) come from <pad>              www.freebase.com/games/game/derived_from              www.freebase.com/cvg/game_version/game
4                              what type of music is the city drive                   www.freebase.com/music/artist/genre                  www.freebase.com/music/album/genre

2017-12-21 10:16:44,892 - MainProcess - __main__ - INFO - Loss: 0.988
2017-12-21 10:16:44,960 - MainProcess - lib.metrics.accuracy - INFO - Accuracy: 0.8125403411710466 [8812 of 10845]
2017-12-21 10:16:44,961 - MainProcess - __main__ - INFO - Epoch 14
2017-12-21 10:16:57,930 - MainProcess - lib.checkpoint - INFO - Saving checkpoint 12m_21d_10h_16m_57s.pt
2017-12-21 10:16:58,925 - MainProcess - lib.metrics.random_sample - INFO - Random Sample:

Positive Samples:
                                                          Source                                                                 Target                                                             Prediction
0           what is an active ingredient in ciclopirox 7.7 gel ?  www.freebase.com/medicine/drug_formulation/active_ingredient_moieties  www.freebase.com/medicine/drug_formulation/active_ingredient_moieties
1  what drug category is loblolly pine 10000 injectable solution               www.freebase.com/medicine/drug_formulation/drug_category               www.freebase.com/medicine/drug_formulation/drug_category
2          what is a broadcast station where los lobos is played                              www.freebase.com/broadcast/artist/content                              www.freebase.com/broadcast/artist/content
3            which production company helped film maniac cop 2 ?                        www.freebase.com/film/film/production_companies                        www.freebase.com/film/film/production_companies
4               what constellation is the star lambda aquarii in                          www.freebase.com/astronomy/star/constellation                          www.freebase.com/astronomy/star/constellation

Negative Samples:
                                          Source                                        Target                                          Prediction
0        what is the release track off ben <pad>  www.freebase.com/music/release_track/release      www.freebase.com/music/release_track/recording
1  which tv show featured mainly stand-up comedy         www.freebase.com/tv/tv_genre/programs  www.freebase.com/media_common/netflix_genre/titles
2          name a band that released dance music     www.freebase.com/music/recording/releases                www.freebase.com/music/genre/artists
3    what is the station ruben studdard 's is on     www.freebase.com/broadcast/artist/content      www.freebase.com/location/location/containedby
4            what country was jim kyle born in ?    www.freebase.com/people/person/nationality       www.freebase.com/people/person/place_of_birth

2017-12-21 10:16:58,929 - MainProcess - __main__ - INFO - Loss: 1.018
2017-12-21 10:16:58,997 - MainProcess - lib.metrics.accuracy - INFO - Accuracy: 0.8095896726602121 [8780 of 10845]
2017-12-21 10:16:58,998 - MainProcess - __main__ - INFO - Epoch 15
